     1                                 %line 1+1 io.asm
     2                                 
     3                                 
     4                                 
     5                                 
     6                                 
     7                                 
     8                                 
     9                                 
    10                                 [section .data]
    11 00000000 496E707574206E756D-     promptNumber: db "Input number:", 0
    12 00000000 6265723A00         
    13 0000000E 496E70757420737472-     promptString: db "Input string:", 0
    14 0000000E 696E673A00         
    15                                 
    16 0000001C 256400                  inputNumber: db "%d", 0
    17 0000001F 257300                  inputString: db "%s", 0
    18                                 
    19 00000022 25640A00                printNumber: db "%d", 0x0a, 0
    20 00000026 25730A00                printString: db "%s", 0x0a, 0
    21                                 
    22                                 [section .bss]
    23 00000000 <gap>                   number: resb 4
    24 00000004 <gap>                   string: resb 1
    25                                 
    26                                 [section .text]
    27                                 [global _start]
    28                                 [extern printf]
    29                                 [extern scanf]
    30                                 [extern exit]
    31                                 
    32                                 
    33                                 _start:
    34                                 
    35                                 
    36 00000000 488D3C25[00000000]      lea rdi, [promptNumber]
    37 00000008 4831C0                  xor rax, rax
    38 0000000B E8(F6FFFFFF)            call printf
    39                                 
    40                                 
    41 00000010 488D3C25[00000000]      lea rdi, [inputNumber]
    42 00000018 48C7C6[00000000]        mov rsi, number
    43 0000001F E8(F6FFFFFF)            call scanf
    44                                 
    45                                 
    46 00000024 488D3C25[00000000]      lea rdi, [promptString]
    47 0000002C 4831C0                  xor rax, rax
    48 0000002F E8(F6FFFFFF)            call printf
    49                                 
    50                                 
    51 00000034 488D3C25[00000000]      lea rdi, [inputString]
    52 0000003C 48C7C6[00000000]        mov rsi, string
    53 00000043 E8(F6FFFFFF)            call scanf
    54                                 
    55                                 
    56                                 
    57                                 
    58                                 
    59 00000048 488D3C25[00000000]      lea rdi, [printNumber]
    60 00000050 488B3425[00000000]      mov rsi, [number]
    61 00000058 4831C0                  xor rax, rax
    62 0000005B E8(F6FFFFFF)            call printf
    63                                 
    64                                 
    65                                 
    66 00000060 488D3C25[00000000]      lea rdi, [printString]
    67 00000068 488B3425[00000000]      mov rsi, [string]
    68 00000070 4831C0                  xor rax, rax
    69 00000073 E8(F6FFFFFF)            call printf
    70                                 
    71                                 
    72                                 
    73                                 
    74 00000078 E8(F6FFFFFF)            call exit
    75 0000007D C3                      ret
    76                                 
    77                                 
    78                                 
    79                                 
    80                                 
